2016-03-13 18:56:02 1: Utilisateur : nicolas dit : aze
2016-03-13 19:09:20 1: Utilisateur : nicolas dit : con
2016-03-13 19:10:31 1: Utilisateur : nicolas dit : con
2016-03-13 19:15:43 1: Utilisateur : nicolas dit : con
2016-03-13 19:15:50 1: Utilisateur : nicolas dit : salut
2016-03-13 19:16:43 1: Utilisateur : nicolas dit : con
2016-03-13 19:53:08 1: Utilisateur : nicolas dit : aze
2016-03-13 19:55:25 1: Utilisateur : nicolas dit : aze
2016-03-13 19:55:43 1: Utilisateur : nicolas dit : azeaze
2016-03-13 19:56:17 1: Utilisateur : nicolas dit : azeazeaze
2016-03-13 19:56:38 1: Utilisateur : nicolas dit : azeaze
2016-03-13 19:57:35 1: Utilisateur : nicolas dit : azeaze
2016-03-13 20:00:18 1: Utilisateur : nicolas dit : azeazeaze
2016-03-13 20:00:53 1: Utilisateur : nicolas dit : azeazeaze
2016-03-13 20:02:49 1: Utilisateur : nicolas dit : azeaze
2016-03-13 20:09:59 1: Utilisateur : nicolas dit : con
2016-03-13 20:10:56 1: Utilisateur : nicolas dit : aze con aze
2016-03-13 20:11:05 1: Utilisateur : nicolas dit : azeconaze
2016-03-13 20:12:58 1: Utilisateur : nicolas dit : con
2016-03-13 20:13:29 1: Utilisateur : nicolas dit : azeaze
2016-03-13 20:14:07 1: Utilisateur : nicolas dit : *****
2016-03-13 20:55:08 1: Utilisateur : nicolas dit : claire est une *****
2016-03-18 00:27:48 1: Utilisateur : nicolas dit : ****
2016-03-18 00:28:03 1: Utilisateur : nicolas dit : ****
2016-03-18 00:28:05 1: Utilisateur : nicolas dit : ****
2016-03-18 00:30:43 1: Utilisateur : nicolas dit : la <censored> de toi
2016-03-18 00:30:55 1: Utilisateur : nicolas dit : <censored> !
2016-03-18 00:30:56 1: Utilisateur : nicolas dit : la <censored> de toi
2016-03-18 00:39:05 1: Utilisateur : nicolas dit : ****
2016-03-18 01:19:22 1: Utilisateur : nicolas dit : test
2016-03-18 01:21:44 1: Utilisateur : nicolas dit : salut à tous
2016-03-18 01:23:19 1: Utilisateur : nicolas dit : test
2016-03-18 01:24:38 1: Utilisateur : nicolas dit : test
2016-03-18 01:27:11 1: Utilisateur : nicolas dit : test
2016-03-18 01:31:53 1: Utilisateur : nicolas dit : con
2016-03-18 01:32:00 1: Utilisateur : nicolas dit : con
2016-03-18 01:32:02 1: Utilisateur : nicolas dit : la con de toi
2016-03-18 01:32:21 1: Utilisateur : nicolas dit : con
2016-03-18 01:32:22 1: Utilisateur : nicolas dit : la con de toi
2016-03-18 01:32:23 1: Utilisateur : nicolas dit : boob
2016-03-18 01:33:24 1: Utilisateur : nicolas dit : boob
2016-03-18 01:33:38 1: Utilisateur : nicolas dit : boob
2016-03-18 01:33:39 1: Utilisateur : nicolas dit : bitch
2016-03-18 01:35:23 1: Utilisateur : nicolas dit : aze
2016-03-18 01:35:56 1: Utilisateur : nicolas dit : aze
2016-03-18 01:36:08 1: Utilisateur : nicolas dit : aze
2016-03-18 01:36:09 1: Utilisateur : nicolas dit : ***
2016-03-18 01:36:16 1: Utilisateur : nicolas dit : aze
2016-03-18 01:36:17 1: Utilisateur : nicolas dit : ***
2016-03-18 01:36:19 1: Utilisateur : nicolas dit : ***
2016-03-18 01:36:48 1: Utilisateur : nicolas dit : aze
2016-03-18 01:36:49 1: Utilisateur : nicolas dit : ***
2016-03-18 01:36:51 1: Utilisateur : nicolas dit : ***
2016-03-18 01:36:53 1: Utilisateur : nicolas dit : ***
2016-03-18 01:37:06 1: Utilisateur : nicolas dit : aze
2016-03-18 01:37:07 1: Utilisateur : nicolas dit : ***
2016-03-18 01:37:08 1: Utilisateur : nicolas dit : enculé
2016-03-18 01:37:10 1: Utilisateur : nicolas dit : ***
2016-03-18 01:37:13 1: Utilisateur : nicolas dit : ***
2016-03-18 01:37:15 1: Utilisateur : nicolas dit : aze
2016-03-18 01:37:16 1: Utilisateur : nicolas dit : enculé
2016-03-18 01:37:17 1: Utilisateur : nicolas dit : ***
2016-03-18 01:37:19 1: Utilisateur : nicolas dit : enculé
2016-03-18 01:37:20 1: Utilisateur : nicolas dit : ***
2016-03-18 01:37:22 1: Utilisateur : nicolas dit : ***
2016-03-18 01:39:59 1: Utilisateur : nicolas dit : enculé
2016-03-18 01:40:09 1: Utilisateur : nicolas dit : ***
2016-03-18 01:40:10 1: Utilisateur : nicolas dit : enculé
2016-03-18 01:40:40 1: Utilisateur : nicolas dit : enculé
2016-03-18 01:40:41 1: Utilisateur : nicolas dit : claire est une ***
2016-03-18 01:40:42 1: Utilisateur : nicolas dit : ***
2016-03-18 01:41:18 1: Utilisateur : nicolas dit : je spam ce *** de serveur
2016-03-18 01:41:26 1: Utilisateur : nicolas dit : je spam ce *** de serveur
2016-03-18 01:41:27 1: Utilisateur : nicolas dit : ***
2016-03-18 01:41:35 1: Utilisateur : nicolas dit : je spam ce *** de serveur
2016-03-18 01:41:36 1: Utilisateur : nicolas dit : ***
2016-03-18 01:41:37 1: Utilisateur : nicolas dit : tête de ***
2016-03-18 01:41:47 1: Utilisateur : nicolas dit : je spam ce *** de serveur
2016-03-18 01:41:48 1: Utilisateur : nicolas dit : tête de ***
2016-03-18 01:41:49 1: Utilisateur : nicolas dit : ***
2016-03-18 01:41:50 1: Utilisateur : nicolas dit : va te faire ***
2016-03-18 01:43:35 1: Utilisateur : nicolas dit : la con de toi
2016-03-18 01:43:49 1: Utilisateur : nicolas dit : la con de toi
2016-03-18 01:43:50 1: Utilisateur : nicolas dit : connard
2016-03-18 01:44:07 1: Utilisateur : nicolas dit : la con de toi
2016-03-18 01:44:08 1: Utilisateur : nicolas dit : connard
2016-03-18 01:44:30 1: Utilisateur : nicolas dit : ***
2016-03-18 01:44:37 1: Utilisateur : nicolas dit : ***
2016-03-18 01:44:38 1: Utilisateur : nicolas dit : la *** de toi
2016-03-18 01:46:14 1: Utilisateur : nicolas dit : wazaaa
2016-03-18 01:46:20 1: Utilisateur : nicolas dit : yo
2016-03-18 01:46:25 1: Utilisateur : nicolas dit : ça roule 
2016-03-18 01:46:33 1: Utilisateur : nicolas dit : tranquille et toi 
2016-03-18 01:46:45 1: Utilisateur : nicolas dit : ça marche mieux non 
2016-03-18 01:47:13 1: Utilisateur : nicolas dit : au passage, t'es un ***
2016-03-18 01:48:49 1: Utilisateur : nicolas dit : haha j'pense bien
2016-03-18 01:49:17 1: Utilisateur : nicolas dit : ça à l'air de mieux marcher avec un return true
2016-03-18 01:49:31 1: Utilisateur : nicolas dit : de temps en temps ça lag quand même 
2016-03-18 02:36:39 1: Utilisateur : nicolas dit : il aura pas fini de me casser les couilles lui
2016-03-18 02:38:33 1: Utilisateur : nicolas dit : ***
2016-03-18 02:55:54 1: Utilisateur : nicolas dit : enculé ! 
2016-04-01 11:30:19 1: Utilisateur : nicolas dit : ***
2016-04-01 11:30:25 1: Utilisateur : nicolas dit : ***
2016-04-01 11:30:30 1: Utilisateur : nicolas dit : ***
2016-04-01 12:15:59 1: Utilisateur : nicolas dit : ***
2016-04-01 12:28:23 1: Utilisateur : nicolas dit : salut
2016-04-01 17:55:37 1: Utilisateur : nicolas dit : salut
