2016-04-01 17:37:22 Debug: Notice (8): Undefined index: langage in [C:\Users\link-\Documents\web\Projet_web\sitecollaboratif\app\View\Posts\voir.php, line 14]
Trace:
include - APP\View\Posts\voir.php, line 14
View::_evaluate() - CORE\Cake\View\View.php, line 971
View::_render() - CORE\Cake\View\View.php, line 933
View::render() - CORE\Cake\View\View.php, line 473
Controller::render() - CORE\Cake\Controller\Controller.php, line 963
Dispatcher::_invoke() - CORE\Cake\Routing\Dispatcher.php, line 200
Dispatcher::dispatch() - CORE\Cake\Routing\Dispatcher.php, line 167
[main] - APP\webroot\index.php, line 110

2016-04-01 17:37:22 Debug: Notice (8): Undefined index: langage in [C:\Users\link-\Documents\web\Projet_web\sitecollaboratif\app\View\Posts\voir.php, line 14]
Trace:
include - APP\View\Posts\voir.php, line 14
View::_evaluate() - CORE\Cake\View\View.php, line 971
View::_render() - CORE\Cake\View\View.php, line 933
View::render() - CORE\Cake\View\View.php, line 473
Controller::render() - CORE\Cake\Controller\Controller.php, line 963
Dispatcher::_invoke() - CORE\Cake\Routing\Dispatcher.php, line 200
Dispatcher::dispatch() - CORE\Cake\Routing\Dispatcher.php, line 167
[main] - APP\webroot\index.php, line 110

2016-04-01 17:37:22 Debug: Notice (8): Undefined index: langage in [C:\Users\link-\Documents\web\Projet_web\sitecollaboratif\app\View\Posts\voir.php, line 16]
Trace:
include - APP\View\Posts\voir.php, line 16
View::_evaluate() - CORE\Cake\View\View.php, line 971
View::_render() - CORE\Cake\View\View.php, line 933
View::render() - CORE\Cake\View\View.php, line 473
Controller::render() - CORE\Cake\Controller\Controller.php, line 963
Dispatcher::_invoke() - CORE\Cake\Routing\Dispatcher.php, line 200
Dispatcher::dispatch() - CORE\Cake\Routing\Dispatcher.php, line 167
[main] - APP\webroot\index.php, line 110

2016-04-01 17:37:22 Debug: Notice (8): Undefined index: langage in [C:\Users\link-\Documents\web\Projet_web\sitecollaboratif\app\View\Posts\voir.php, line 16]
Trace:
include - APP\View\Posts\voir.php, line 16
View::_evaluate() - CORE\Cake\View\View.php, line 971
View::_render() - CORE\Cake\View\View.php, line 933
View::render() - CORE\Cake\View\View.php, line 473
Controller::render() - CORE\Cake\Controller\Controller.php, line 963
Dispatcher::_invoke() - CORE\Cake\Routing\Dispatcher.php, line 200
Dispatcher::dispatch() - CORE\Cake\Routing\Dispatcher.php, line 167
[main] - APP\webroot\index.php, line 110

2016-04-01 17:37:22 Debug: Notice (8): Undefined variable: articles in [C:\Users\link-\Documents\web\Projet_web\sitecollaboratif\app\View\Elements\carousel.php, line 10]
Trace:
include - APP\View\Elements\carousel.php, line 10
View::_evaluate() - CORE\Cake\View\View.php, line 971
View::_render() - CORE\Cake\View\View.php, line 933
View::_renderElement() - CORE\Cake\View\View.php, line 1224
View::element() - CORE\Cake\View\View.php, line 418
include - APP\View\Layouts\default.ctp, line 62
View::_evaluate() - CORE\Cake\View\View.php, line 971
View::_render() - CORE\Cake\View\View.php, line 933
View::renderLayout() - CORE\Cake\View\View.php, line 546
View::render() - CORE\Cake\View\View.php, line 481
Controller::render() - CORE\Cake\Controller\Controller.php, line 963
ExceptionRenderer::_outputMessage() - CORE\Cake\Error\ExceptionRenderer.php, line 289
ExceptionRenderer::error400() - CORE\Cake\Error\ExceptionRenderer.php, line 233
ExceptionRenderer::render() - CORE\Cake\Error\ExceptionRenderer.php, line 187
ErrorHandler::handleException() - CORE\Cake\Error\ErrorHandler.php, line 127
[main] - [internal], line ??

2016-04-01 17:37:22 Debug: Notice (8): Undefined variable: articles in [C:\Users\link-\Documents\web\Projet_web\sitecollaboratif\app\View\Elements\carousel.php, line 10]
Trace:
include - APP\View\Elements\carousel.php, line 10
View::_evaluate() - CORE\Cake\View\View.php, line 971
View::_render() - CORE\Cake\View\View.php, line 933
View::_renderElement() - CORE\Cake\View\View.php, line 1224
View::element() - CORE\Cake\View\View.php, line 418
include - APP\View\Layouts\default.ctp, line 62
View::_evaluate() - CORE\Cake\View\View.php, line 971
View::_render() - CORE\Cake\View\View.php, line 933
View::renderLayout() - CORE\Cake\View\View.php, line 546
View::render() - CORE\Cake\View\View.php, line 481
Controller::render() - CORE\Cake\Controller\Controller.php, line 963
ExceptionRenderer::_outputMessage() - CORE\Cake\Error\ExceptionRenderer.php, line 289
ExceptionRenderer::error400() - CORE\Cake\Error\ExceptionRenderer.php, line 233
ExceptionRenderer::render() - CORE\Cake\Error\ExceptionRenderer.php, line 187
ErrorHandler::handleException() - CORE\Cake\Error\ErrorHandler.php, line 127
[main] - [internal], line ??

2016-04-01 17:37:22 Debug: Notice (8): Undefined variable: articles in [C:\Users\link-\Documents\web\Projet_web\sitecollaboratif\app\View\Elements\carousel.php, line 10]
Trace:
include - APP\View\Elements\carousel.php, line 10
View::_evaluate() - CORE\Cake\View\View.php, line 971
View::_render() - CORE\Cake\View\View.php, line 933
View::_renderElement() - CORE\Cake\View\View.php, line 1224
View::element() - CORE\Cake\View\View.php, line 418
include - APP\View\Layouts\default.ctp, line 62
View::_evaluate() - CORE\Cake\View\View.php, line 971
View::_render() - CORE\Cake\View\View.php, line 933
View::renderLayout() - CORE\Cake\View\View.php, line 546
View::render() - CORE\Cake\View\View.php, line 481
Controller::render() - CORE\Cake\Controller\Controller.php, line 963
ExceptionRenderer::_outputMessage() - CORE\Cake\Error\ExceptionRenderer.php, line 289
ExceptionRenderer::error400() - CORE\Cake\Error\ExceptionRenderer.php, line 233
ExceptionRenderer::render() - CORE\Cake\Error\ExceptionRenderer.php, line 187
ErrorHandler::handleException() - CORE\Cake\Error\ErrorHandler.php, line 127
[main] - [internal], line ??

2016-04-01 17:37:22 Debug: Notice (8): Undefined variable: articles in [C:\Users\link-\Documents\web\Projet_web\sitecollaboratif\app\View\Elements\carousel.php, line 10]
Trace:
include - APP\View\Elements\carousel.php, line 10
View::_evaluate() - CORE\Cake\View\View.php, line 971
View::_render() - CORE\Cake\View\View.php, line 933
View::_renderElement() - CORE\Cake\View\View.php, line 1224
View::element() - CORE\Cake\View\View.php, line 418
include - APP\View\Layouts\default.ctp, line 62
View::_evaluate() - CORE\Cake\View\View.php, line 971
View::_render() - CORE\Cake\View\View.php, line 933
View::renderLayout() - CORE\Cake\View\View.php, line 546
View::render() - CORE\Cake\View\View.php, line 481
Controller::render() - CORE\Cake\Controller\Controller.php, line 963
ExceptionRenderer::_outputMessage() - CORE\Cake\Error\ExceptionRenderer.php, line 289
ExceptionRenderer::error400() - CORE\Cake\Error\ExceptionRenderer.php, line 233
ExceptionRenderer::render() - CORE\Cake\Error\ExceptionRenderer.php, line 187
ErrorHandler::handleException() - CORE\Cake\Error\ErrorHandler.php, line 127
[main] - [internal], line ??

2016-04-01 17:51:58 Debug: Notice (8): Undefined variable: articles in [C:\Users\link-\Documents\web\Projet_web\sitecollaboratif\app\View\Elements\carousel.php, line 10]
Trace:
include - APP\View\Elements\carousel.php, line 10
View::_evaluate() - CORE\Cake\View\View.php, line 971
View::_render() - CORE\Cake\View\View.php, line 933
View::_renderElement() - CORE\Cake\View\View.php, line 1224
View::element() - CORE\Cake\View\View.php, line 418
include - APP\View\Layouts\default.ctp, line 62
View::_evaluate() - CORE\Cake\View\View.php, line 971
View::_render() - CORE\Cake\View\View.php, line 933
View::renderLayout() - CORE\Cake\View\View.php, line 546
View::render() - CORE\Cake\View\View.php, line 481
Controller::render() - CORE\Cake\Controller\Controller.php, line 963
ExceptionRenderer::_outputMessage() - CORE\Cake\Error\ExceptionRenderer.php, line 289
ExceptionRenderer::error400() - CORE\Cake\Error\ExceptionRenderer.php, line 233
ExceptionRenderer::render() - CORE\Cake\Error\ExceptionRenderer.php, line 187
ErrorHandler::handleException() - CORE\Cake\Error\ErrorHandler.php, line 127
[main] - [internal], line ??

2016-04-01 17:51:58 Debug: Notice (8): Undefined variable: articles in [C:\Users\link-\Documents\web\Projet_web\sitecollaboratif\app\View\Elements\carousel.php, line 10]
Trace:
include - APP\View\Elements\carousel.php, line 10
View::_evaluate() - CORE\Cake\View\View.php, line 971
View::_render() - CORE\Cake\View\View.php, line 933
View::_renderElement() - CORE\Cake\View\View.php, line 1224
View::element() - CORE\Cake\View\View.php, line 418
include - APP\View\Layouts\default.ctp, line 62
View::_evaluate() - CORE\Cake\View\View.php, line 971
View::_render() - CORE\Cake\View\View.php, line 933
View::renderLayout() - CORE\Cake\View\View.php, line 546
View::render() - CORE\Cake\View\View.php, line 481
Controller::render() - CORE\Cake\Controller\Controller.php, line 963
ExceptionRenderer::_outputMessage() - CORE\Cake\Error\ExceptionRenderer.php, line 289
ExceptionRenderer::error400() - CORE\Cake\Error\ExceptionRenderer.php, line 233
ExceptionRenderer::render() - CORE\Cake\Error\ExceptionRenderer.php, line 187
ErrorHandler::handleException() - CORE\Cake\Error\ErrorHandler.php, line 127
[main] - [internal], line ??

2016-04-01 17:53:17 Debug: Notice (8): Undefined index: Categories in [C:\Users\link-\Documents\web\Projet_web\sitecollaboratif\app\View\Articles\parcourir.php, line 4]
Trace:
include - APP\View\Articles\parcourir.php, line 4
View::_evaluate() - CORE\Cake\View\View.php, line 971
View::_render() - CORE\Cake\View\View.php, line 933
View::render() - CORE\Cake\View\View.php, line 473
Controller::render() - CORE\Cake\Controller\Controller.php, line 963
Dispatcher::_invoke() - CORE\Cake\Routing\Dispatcher.php, line 200
Dispatcher::dispatch() - CORE\Cake\Routing\Dispatcher.php, line 167
[main] - APP\webroot\index.php, line 110

2016-04-01 17:53:17 Debug: Notice (8): Undefined index: Categories in [C:\Users\link-\Documents\web\Projet_web\sitecollaboratif\app\View\Articles\parcourir.php, line 4]
Trace:
include - APP\View\Articles\parcourir.php, line 4
View::_evaluate() - CORE\Cake\View\View.php, line 971
View::_render() - CORE\Cake\View\View.php, line 933
View::render() - CORE\Cake\View\View.php, line 473
Controller::render() - CORE\Cake\Controller\Controller.php, line 963
Dispatcher::_invoke() - CORE\Cake\Routing\Dispatcher.php, line 200
Dispatcher::dispatch() - CORE\Cake\Routing\Dispatcher.php, line 167
[main] - APP\webroot\index.php, line 110

2016-04-01 19:17:27 Debug: Notice (8): Undefined variable: msg in [C:\Users\link-\Documents\web\Projet_web\sitecollaboratif\app\Controller\ArchivesController.php, line 38]
Trace:
ArchivesController::reponse() - APP\Controller\ArchivesController.php, line 38
ReflectionMethod::invokeArgs() - [internal], line ??
Controller::invokeAction() - CORE\Cake\Controller\Controller.php, line 491
Dispatcher::_invoke() - CORE\Cake\Routing\Dispatcher.php, line 193
Dispatcher::dispatch() - CORE\Cake\Routing\Dispatcher.php, line 167
[main] - APP\webroot\index.php, line 110

2016-04-01 19:17:27 Debug: Notice (8): Undefined variable: msg in [C:\Users\link-\Documents\web\Projet_web\sitecollaboratif\app\Controller\ArchivesController.php, line 38]
Trace:
ArchivesController::reponse() - APP\Controller\ArchivesController.php, line 38
ReflectionMethod::invokeArgs() - [internal], line ??
Controller::invokeAction() - CORE\Cake\Controller\Controller.php, line 491
Dispatcher::_invoke() - CORE\Cake\Routing\Dispatcher.php, line 193
Dispatcher::dispatch() - CORE\Cake\Routing\Dispatcher.php, line 167
[main] - APP\webroot\index.php, line 110

2016-04-01 19:18:55 Debug: Notice (8): Undefined variable: msg in [C:\Users\link-\Documents\web\Projet_web\sitecollaboratif\app\Controller\ArchivesController.php, line 38]
Trace:
ArchivesController::reponse() - APP\Controller\ArchivesController.php, line 38
ReflectionMethod::invokeArgs() - [internal], line ??
Controller::invokeAction() - CORE\Cake\Controller\Controller.php, line 491
Dispatcher::_invoke() - CORE\Cake\Routing\Dispatcher.php, line 193
Dispatcher::dispatch() - CORE\Cake\Routing\Dispatcher.php, line 167
[main] - APP\webroot\index.php, line 110

2016-04-01 19:18:55 Debug: Notice (8): Undefined variable: msg in [C:\Users\link-\Documents\web\Projet_web\sitecollaboratif\app\Controller\ArchivesController.php, line 38]
Trace:
ArchivesController::reponse() - APP\Controller\ArchivesController.php, line 38
ReflectionMethod::invokeArgs() - [internal], line ??
Controller::invokeAction() - CORE\Cake\Controller\Controller.php, line 491
Dispatcher::_invoke() - CORE\Cake\Routing\Dispatcher.php, line 193
Dispatcher::dispatch() - CORE\Cake\Routing\Dispatcher.php, line 167
[main] - APP\webroot\index.php, line 110

2016-04-01 19:19:38 Debug: Notice (8): Undefined variable: msg in [C:\Users\link-\Documents\web\Projet_web\sitecollaboratif\app\Controller\ArchivesController.php, line 38]
Trace:
ArchivesController::reponse() - APP\Controller\ArchivesController.php, line 38
ReflectionMethod::invokeArgs() - [internal], line ??
Controller::invokeAction() - CORE\Cake\Controller\Controller.php, line 491
Dispatcher::_invoke() - CORE\Cake\Routing\Dispatcher.php, line 193
Dispatcher::dispatch() - CORE\Cake\Routing\Dispatcher.php, line 167
[main] - APP\webroot\index.php, line 110

2016-04-01 19:19:38 Debug: Notice (8): Undefined variable: msg in [C:\Users\link-\Documents\web\Projet_web\sitecollaboratif\app\Controller\ArchivesController.php, line 38]
Trace:
ArchivesController::reponse() - APP\Controller\ArchivesController.php, line 38
ReflectionMethod::invokeArgs() - [internal], line ??
Controller::invokeAction() - CORE\Cake\Controller\Controller.php, line 491
Dispatcher::_invoke() - CORE\Cake\Routing\Dispatcher.php, line 193
Dispatcher::dispatch() - CORE\Cake\Routing\Dispatcher.php, line 167
[main] - APP\webroot\index.php, line 110

2016-04-01 19:20:00 Debug: Notice (8): Undefined variable: msg in [C:\Users\link-\Documents\web\Projet_web\sitecollaboratif\app\Controller\ArchivesController.php, line 38]
Trace:
ArchivesController::reponse() - APP\Controller\ArchivesController.php, line 38
ReflectionMethod::invokeArgs() - [internal], line ??
Controller::invokeAction() - CORE\Cake\Controller\Controller.php, line 491
Dispatcher::_invoke() - CORE\Cake\Routing\Dispatcher.php, line 193
Dispatcher::dispatch() - CORE\Cake\Routing\Dispatcher.php, line 167
[main] - APP\webroot\index.php, line 110

2016-04-01 19:20:00 Debug: Notice (8): Undefined variable: msg in [C:\Users\link-\Documents\web\Projet_web\sitecollaboratif\app\Controller\ArchivesController.php, line 38]
Trace:
ArchivesController::reponse() - APP\Controller\ArchivesController.php, line 38
ReflectionMethod::invokeArgs() - [internal], line ??
Controller::invokeAction() - CORE\Cake\Controller\Controller.php, line 491
Dispatcher::_invoke() - CORE\Cake\Routing\Dispatcher.php, line 193
Dispatcher::dispatch() - CORE\Cake\Routing\Dispatcher.php, line 167
[main] - APP\webroot\index.php, line 110

2016-04-08 13:46:52 Debug: Notice (8): Undefined variable: articles in [C:\Users\link-\Documents\web\Projet_web\sitecollaboratif\app\View\Posts\ajax_index.php, line 11]
Trace:
include - APP\View\Posts\ajax_index.php, line 11
View::_evaluate() - CORE\Cake\View\View.php, line 971
View::_render() - CORE\Cake\View\View.php, line 933
View::render() - CORE\Cake\View\View.php, line 473
Controller::render() - CORE\Cake\Controller\Controller.php, line 963
PostsController::index() - APP\Controller\PostsController.php, line 25
ReflectionMethod::invokeArgs() - [internal], line ??
Controller::invokeAction() - CORE\Cake\Controller\Controller.php, line 491
Dispatcher::_invoke() - CORE\Cake\Routing\Dispatcher.php, line 193
Dispatcher::dispatch() - CORE\Cake\Routing\Dispatcher.php, line 167
[main] - APP\webroot\index.php, line 110

2016-04-08 13:46:52 Debug: Notice (8): Undefined variable: articles in [C:\Users\link-\Documents\web\Projet_web\sitecollaboratif\app\View\Posts\ajax_index.php, line 11]
Trace:
include - APP\View\Posts\ajax_index.php, line 11
View::_evaluate() - CORE\Cake\View\View.php, line 971
View::_render() - CORE\Cake\View\View.php, line 933
View::render() - CORE\Cake\View\View.php, line 473
Controller::render() - CORE\Cake\Controller\Controller.php, line 963
PostsController::index() - APP\Controller\PostsController.php, line 25
ReflectionMethod::invokeArgs() - [internal], line ??
Controller::invokeAction() - CORE\Cake\Controller\Controller.php, line 491
Dispatcher::_invoke() - CORE\Cake\Routing\Dispatcher.php, line 193
Dispatcher::dispatch() - CORE\Cake\Routing\Dispatcher.php, line 167
[main] - APP\webroot\index.php, line 110

